<?xml version="1.0" encoding="ISO-8859-1"?>
<!--

    Copyright (C) 2009 eXo Platform SAS.

    This is free software; you can redistribute it and/or modify it
    under the terms of the GNU Lesser General Public License as
    published by the Free Software Foundation; either version 2.1 of
    the License, or (at your option) any later version.

    This software is distributed in the hope that it will be useful,
    but WITHOUT ANY WARRANTY; without even the implied warranty of
    MERCHANTABILITY or FITNESS FOR A PARTICULAR PURPOSE. See the GNU
    Lesser General Public License for more details.

    You should have received a copy of the GNU Lesser General Public
    License along with this software; if not, write to the Free
    Software Foundation, Inc., 51 Franklin St, Fifth Floor, Boston, MA
    02110-1301 USA, or see the FSF site: http://www.fsf.org.

-->
<configuration xmlns:xsi="http://www.w3.org/2001/XMLSchema-instance" xsi:schemaLocation="http://www.exoplatform.org/xml/ns/kernel_1_2.xsd http://www.exoplatform.org/xml/ns/kernel_1_2.xsd"
   xmlns="http://www.exoplatform.org/xml/ns/kernel_1_2.xsd">

   <component>
      <key>org.exoplatform.services.cache.CacheService</key>
      <jmx-name>cache:type=CacheService</jmx-name>
      <type>org.exoplatform.services.cache.impl.CacheServiceImpl</type>
      <init-params>
         <object-param>
            <name>cache.config.default</name>
            <description>The default cache configuration</description>
            <object type="org.exoplatform.services.cache.ExoCacheConfig">
               <field name="name">
                  <string>default</string>
               </field>
               <field name="maxSize">
                  <int>300</int>
               </field>
               <field name="liveTime">
                  <long>300</long>
               </field>
               <field name="distributed">
                  <boolean>false</boolean>
               </field>
               <field name="implementation">
                  <string>org.exoplatform.services.cache.concurrent.ConcurrentFIFOExoCache</string>
               </field>
            </object>
         </object-param>
      </init-params>
   </component>

   <component>
      <key>org.exoplatform.services.database.DatabaseService</key>
      <type>org.exoplatform.services.database.impl.XAPoolTxSupportDatabaseService</type>
      <description>support the transaction db connection pool implementation</description>
      <init-params>
         <properties-param>
            <name>connection.config</name>
            <description>Connection configuration</description>
            <property name='connection.driver' value='org.hsqldb.jdbcDriver' />
            <property name='connection.url' value='jdbc:hsqldb:mem:db/txdata' />
            <property name='connection.login' value='sa' />
            <property name='connection.password' value='' />
            <property name='connection.min-size' value='3' />
            <property name='connection.max-size' value='5' />
         </properties-param>
      </init-params>
   </component>

   <component>
      <key>org.exoplatform.services.transaction.TransactionService</key>
      <type>org.exoplatform.services.transaction.impl.atomikos.TransactionsEssentialsTransactionService</type>
      <init-params>
         <value-param>
            <name>timeout</name>
            <value>5</value>
         </value-param>
      </init-params>
   </component>
   
   <component>
      <key>org.exoplatform.services.database.HibernateService</key>
      <type>org.exoplatform.services.database.impl.HibernateServiceImpl</type>
      <init-params>
         <properties-param>
            <name>hibernate.properties</name>
            <description>Default Hibernate Service</description>
            <property name="hibernate.show_sql" value="false" />
            <property name="hibernate.cglib.use_reflection_optimizer" value="true" />
            <property name="hibernate.connection.url" value="jdbc:hsqldb:mem:target/temp/data/portal" />
            <property name="hibernate.connection.driver_class" value="org.hsqldb.jdbcDriver" />
            <property name="hibernate.connection.autocommit" value="true" />
            <property name="hibernate.connection.username" value="sa" />
            <property name="hibernate.connection.password" value="" />
            <property name="hibernate.hbm2ddl.auto" value="update"/>
            <property name="hibernate.cache.region.factory_class" value="org.exoplatform.services.database.impl.ExoCacheRegionFactory"/>
            <property name="hibernate.cache.use_second_level_cache" value="true"/>
            <property name="hibernate.cache.use_query_cache" value="true"/>
            <property name="hibernate.c3p0.min_size" value="5" />
            <property name="hibernate.c3p0.max_size" value="20" />
            <property name="hibernate.c3p0.timeout" value="1800" />
            <property name="hibernate.c3p0.max_statements" value="50" />
         </properties-param>
      </init-params>
   </component>
   <component>
      <key>jcr.datasource</key>
      <type>org.exoplatform.services.database.impl.HibernateServiceImpl</type>
      <init-params>
         <properties-param>
            <name>hibernate.properties</name>
            <description>JCR Workspace datasource</description>
            <property name="hibernate.show_sql" value="false" />
            <property name="hibernate.cglib.use_reflection_optimizer" value="true" />
            <property name="hibernate.connection.url" value="jdbc:hsqldb:mem:target/temp/data/jcr" />
            <property name="hibernate.connection.driver_class" value="org.hsqldb.jdbcDriver" />
            <property name="hibernate.connection.autocommit" value="true" />
            <property name="hibernate.connection.username" value="sa" />
            <property name="hibernate.connection.password" value="" />
            <!--property name="hibernate.dialect" value="org.hibernate.dialect.HSQLDialect" /-->
            <property name="hibernate.hbm2ddl.auto" value="update"/>
            <property name="hibernate.cache.region.factory_class" value="org.exoplatform.services.database.impl.ExoCacheRegionFactory"/>
            <property name="hibernate.cache.use_second_level_cache" value="true"/>
            <property name="hibernate.cache.use_query_cache" value="true"/>
            <property name="hibernate.c3p0.min_size" value="5" />
            <property name="hibernate.c3p0.max_size" value="20" />
            <property name="hibernate.c3p0.timeout" value="1800" />
            <property name="hibernate.c3p0.max_statements" value="50" />
         </properties-param>
      </init-params>
   </component>
   <!-- for portal container -->
   <import>classpath:/conf/standalone/test-configuration.xml</import>
</configuration>
