<?xml version="1.0" encoding="ISO-8859-1"?>
<!--
This file is part of the Meeds project (https://meeds.io/).
Copyright (C) 2020 Meeds Association
contact@meeds.io
This program is free software; you can redistribute it and/or
modify it under the terms of the GNU Lesser General Public
License as published by the Free Software Foundation; either
version 3 of the License, or (at your option) any later version.
This program is distributed in the hope that it will be useful,
but WITHOUT ANY WARRANTY; without even the implied warranty of
MERCHANTABILITY or FITNESS FOR A PARTICULAR PURPOSE.  See the GNU
Lesser General Public License for more details.
You should have received a copy of the GNU Lesser General Public License
along with this program; if not, write to the Free Software Foundation,
Inc., 51 Franklin Street, Fifth Floor, Boston, MA  02110-1301, USA.

-->
<configuration xmlns:xsi="http://www.w3.org/2001/XMLSchema-instance" xsi:schemaLocation="http://www.exoplatform.org/xml/ns/kernel_1_2.xsd http://www.exoplatform.org/xml/ns/kernel_1_2.xsd"
   xmlns="http://www.exoplatform.org/xml/ns/kernel_1_2.xsd">
   <component>
      <key>org.exoplatform.services.log.LogConfigurationInitializer</key>
      <type>org.exoplatform.services.log.LogConfigurationInitializer</type>
      <init-params>
         <value-param>
            <name>logger</name>
            <value>org.exoplatform.services.log.impl.BufferedLog4JLogger</value>
         </value-param>
         <value-param>
            <name>configurator</name>
            <value>org.exoplatform.services.log.impl.Log4JConfigurator</value>
         </value-param>
         <properties-param>
            <name>properties</name>
            <description>Log4J properties</description>
            <property name="log4j.rootLogger" value="DEBUG, stdout" />

            <property name="log4j.appender.stdout" value="org.apache.log4j.ConsoleAppender" />
            <property name="log4j.appender.stdout.threshold" value="INFO" />

            <property name="log4j.appender.stdout.layout" value="org.apache.log4j.PatternLayout" />
            <property name="log4j.appender.stdout.layout.ConversionPattern" value="%d{dd.MM.yyyy HH:mm:ss} *%-5p* [%t] %c{1}: %m (%F, line %L) %n" />
         </properties-param>
      </init-params>
   </component>

   <component>
      <type>org.exoplatform.services.xml.resolving.impl.XMLResolvingServiceImpl</type>
      <component-plugins>
         <component-plugin>
            <name>add.resolving.table</name>
            <set-method>addPlugin</set-method>
            <type>org.exoplatform.services.xml.resolving.impl.AddXMLResolvingContextPlugin</type>
            <init-params>
               <properties-param>
                  <name>dtd1</name>
                  <property name="uri" value="dtd/xhtml1-transitional.dtd" />
                  <property name="publicId" value="-//W3C//DTD XHTML 1.0 Transitional//EN" />
                  <property name="systemId" value="http://www.w3.org/TR/xhtml1/DTD/xhtml1-transitional.dtd" />
               </properties-param>
               <properties-param>
                  <name>dtd2</name>
                  <property name="uri" value="dtd/web-app_2_3.dtd" />
                  <property name="publicId" value="-//Sun Microsystems, Inc.//DTD Web Application 2.3//EN" />
                  <property name="systemId" value="http://java.sun.com/dtd/web-app_2_3.dtd" />
               </properties-param>
            </init-params>
         </component-plugin>
      </component-plugins>
   </component>

   <component>
      <type>org.exoplatform.services.xml.transform.impl.html.TidyTransformerServiceImpl</type>
   </component>
   <component>
      <type>org.exoplatform.services.xml.transform.impl.trax.TRAXTransformerServiceImpl</type>
   </component>
   <component>
      <type>org.exoplatform.services.xml.transform.impl.trax.TRAXTemplatesServiceImpl</type>
      <component-plugins>
         <component-plugin>
            <name>add.xslschema</name>
            <set-method>addPlugin</set-method>
            <type>org.exoplatform.services.xml.transform.impl.trax.TRAXTemplatesLoaderPlugin</type>
            <init-params>
               <properties-param>
                  <name>xsl-source-urls</name>
                  <property name="xslt1" value="xslt/html-url-rewite.xsl" />
               </properties-param>
            </init-params>
         </component-plugin>
      </component-plugins>
   </component>
   <component>
      <type>org.exoplatform.services.xml.transform.impl.EncodingMapImpl</type>
   </component>
</configuration>
