<?xml version="1.0" encoding="ISO-8859-1"?>
<!--
This file is part of the Meeds project (https://meeds.io/).
Copyright (C) 2020 Meeds Association
contact@meeds.io
This program is free software; you can redistribute it and/or
modify it under the terms of the GNU Lesser General Public
License as published by the Free Software Foundation; either
version 3 of the License, or (at your option) any later version.
This program is distributed in the hope that it will be useful,
but WITHOUT ANY WARRANTY; without even the implied warranty of
MERCHANTABILITY or FITNESS FOR A PARTICULAR PURPOSE.  See the GNU
Lesser General Public License for more details.
You should have received a copy of the GNU Lesser General Public License
along with this program; if not, write to the Free Software Foundation,
Inc., 51 Franklin Street, Fifth Floor, Boston, MA  02110-1301, USA.

-->
<configuration xmlns:xsi="http://www.w3.org/2001/XMLSchema-instance" xsi:schemaLocation="http://www.exoplatform.org/xml/ns/kernel_1_3.xsd http://www.exoplatform.org/xml/ns/kernel_1_3.xsd"
   xmlns="http://www.exoplatform.org/xml/ns/kernel_1_3.xsd">

   <component>
      <key>org.exoplatform.services.cache.CacheService</key>
      <jmx-name>cache:type=CacheService</jmx-name>
      <type>org.exoplatform.services.cache.impl.CacheServiceImpl</type>
      <init-params>
         <object-param>
            <name>cache.config.default</name>
            <description>The default cache configuration</description>
            <object type="org.exoplatform.services.cache.ExoCacheConfig">
               <field name="name">
                  <string>default</string>
               </field>
               <field name="maxSize">
                  <int>300</int>
               </field>
               <field name="liveTime">
                  <long>300</long>
               </field>
               <field name="distributed">
                  <boolean>false</boolean>
               </field>
               <field name="implementation">
                  <string>org.exoplatform.services.cache.concurrent.ConcurrentFIFOExoCache</string>
               </field>
            </object>
         </object-param>
      </init-params>
   </component>

   <component>
      <key>org.exoplatform.services.database.HibernateService</key>
      <jmx-name>exo-service:type=HibernateService</jmx-name>
      <type>org.exoplatform.services.database.impl.HibernateServiceImpl</type>
      <init-params>
         <properties-param>
            <name>hibernate.properties</name>
            <description>Default Hibernate Service</description>
            <property name="hibernate.show_sql" value="false" />
            <property name="hibernate.cglib.use_reflection_optimizer" value="true" />
            <property name="hibernate.connection.url" value="jdbc:hsqldb:mem:db/default" />
            <property name="hibernate.connection.driver_class" value="org.hsqldb.jdbcDriver" />
            <property name="hibernate.connection.autocommit" value="true" />
            <property name="hibernate.connection.username" value="sa" />
            <property name="hibernate.connection.password" value="" />
            <property name="hibernate.hbm2ddl.auto" value="update"/>
            <property name="hibernate.cache.region.factory_class" value="org.exoplatform.services.database.impl.ExoCacheRegionFactory"/>
            <property name="hibernate.cache.use_second_level_cache" value="true"/>
            <property name="hibernate.cache.use_query_cache" value="true"/>
            <property name="hibernate.c3p0.min_size" value="5" />
            <property name="hibernate.c3p0.max_size" value="20" />
            <property name="hibernate.c3p0.timeout" value="1800" />
            <property name="hibernate.c3p0.max_statements" value="50" />
         </properties-param>
      </init-params>
   </component>
   
    <component>
      <key>org.exoplatform.services.ldap.LDAPService</key>
      <type>org.exoplatform.services.organization.DummyLDAPServiceImpl</type>
         <init-params>
        <object-param>
          <name>ldap.config</name>
          <description>Default ldap config</description>
          <object type="org.exoplatform.services.ldap.impl.LDAPConnectionConfig">
            <field name="providerURL"><string>ldap://127.0.0.1:389,10.0.0.1:389</string></field>
            <field name="rootdn"><string>CN=Manager,DC=exoplatform,DC=org</string></field>
            <field name="password"><string>secret</string></field>
            <!-- field  name="authenticationType"><string>simple</string></field-->
            <field name="version"><string>3</string></field>
            <field  name="referralMode"><string>follow</string></field>
            <!-- field  name="serverName"><string>active.directory</string></field-->
          </object>
        </object-param>
      </init-params>
    </component>
    <component profiles="ldap,ad,ldap-old">
      <key>org.exoplatform.services.ldap.LDAPService</key>
      <type>org.exoplatform.services.ldap.impl.LDAPServiceImpl</type>
      <init-params>
         <object-param>
            <name>ldap.config</name>
            <description>Default ldap config</description>
            <object type="org.exoplatform.services.ldap.impl.LDAPConnectionConfig">
               <field name="providerURL">
                  <string>${url:ldap://localhost:389}</string>
               </field>
               <field name="rootdn">
                  <string>${rootDn:cn=Manager,dc=exoplatform,dc=org}</string>
               </field>
               <field name="password">
                  <string>${password:secret}</string>
               </field>
               <field name="version">
                  <string>3</string>
               </field>
               <field name="minConnection">
                  <int>1</int>
               </field>
               <!-- Set the lowest possible value to make sure that we have no connection leak -->
               <field name="maxConnection">
                  <int>2</int>
               </field>
               <field name="referralMode" profiles="ldap,ldap-old">
                  <string>follow</string>
               </field>
               <field name="referralMode" profiles="ad">
                  <string>ignore</string>
               </field>
               <field name="serverName" profiles="ldap,ldap-old">
                  <string>default</string>
               </field>
               <field name="serverName" profiles="ad">
                  <string>active.directory</string>
               </field>
               <!--
                  LDAP server names : default, active.directory, open.ldap, netscape.directory, redhat.directory;
               -->
            </object>
         </object-param>
      </init-params>
   </component>
   <component>
      <key>org.exoplatform.services.organization.OrganizationService</key>
      <type>org.exoplatform.services.organization.ldap.OrganizationServiceImpl</type>
      <component-plugins>
         <component-plugin>
            <name>init.service.listener</name>
            <set-method>addListenerPlugin</set-method>
            <type>org.exoplatform.services.organization.ldap.OrganizationLdapInitializer</type>
            <description>this listener populate organization ldap service create default dn</description>
         </component-plugin>
      </component-plugins>
      <init-params>
         <value-param>
            <name>ldap.userDN.key</name>
            <description>The key used to compose user DN</description>
            <value>cn</value>
         </value-param>
         <value-param>
            <name>ldap.groupDN.key</name>
            <description>The key used to compose group DN</description>
            <value>ou</value>
         </value-param>
         <object-param>
            <name>ldap.attribute.mapping</name>
            <description>ldap attribute mapping</description>
            <object type="org.exoplatform.services.organization.ldap.LDAPAttributeMapping">
               <field name="userLDAPClasses" profiles="ldap,default">
                  <string>top,person,organizationalPerson,inetOrgPerson,user</string>
               </field>
               <field name="userLDAPClasses" profiles="default-old,ldap-old">
                  <string>top,person,organizationalPerson,inetOrgPerson</string>
               </field>
               <field name="userLDAPClasses" profiles="ad">
                  <string>top,person,organizationalPerson,user</string>
               </field>
               <field name="profileLDAPClasses">
                  <string>top,organizationalPerson</string>
               </field>
               <field name="groupLDAPClasses">
                  <string>top,organizationalUnit</string>
               </field>
               <field name="membershipTypeLDAPClasses" profiles="ldap,default,default-old,ldap-old">
                  <string>top,organizationalRole</string>
               </field>
               <field name="membershipTypeLDAPClasses" profiles="ad">
                  <string>top,group</string>
               </field>
               <field name="membershipLDAPClasses" profiles="ldap,default,default-old,ldap-old">
                  <string>top,groupOfNames</string>
               </field>
               <field name="membershipLDAPClasses" profiles="ad">
                  <string>top,group</string>
               </field>
                <field name="baseURL">
                  <string>DC=exoplatform,DC=org</string>
               </field>
               <field name="groupsURL">
                  <string>OU=groups,OU=portal,DC=exoplatform,DC=org</string>
               </field>
               <field name="membershipTypeURL">
                  <string>OU=memberships,OU=portal,DC=exoplatform,DC=org</string>
               </field>
               <field name="userURL">
                  <string>OU=users,OU=portal,DC=exoplatform,DC=org</string>
               </field>
               <field name="profileURL">
                  <string>OU=profiles,OU=portal,DC=exoplatform,DC=org</string>
               </field>
               <field name="userUsernameAttr" profiles="ldap,default,default-old,ldap-old">
                  <string>uid</string>
               </field>
               <field name="userUsernameAttr" profiles="ad">
                  <string>sAMAccountName</string>
               </field>
               <field name="userPassword" profiles="ldap,default,default-old,ldap-old">
                  <string>userPassword</string>
               </field>
               <field name="userPassword" profiles="ad">
                  <string>unicodePwd</string>
               </field>
               <field name="userFirstNameAttr">
                  <string>givenName</string>
               </field>
               <field name="userLastNameAttr">
                  <string>sn</string>
               </field>
               <field name="userDisplayNameAttr">
                  <string>displayName</string>
               </field>
               <field name="userMailAttr">
                  <string>mail</string>
               </field>
               <field name="userObjectClassFilter" profiles="ldap,default,default-old,ldap-old">
                  <string>objectClass=person</string>
               </field>
               <field name="userObjectClassFilter" profiles="ad">
                  <string>objectClass=user</string>
               </field>
               <field name="userAccountControlAttr" profiles="ldap,default">
                  <string>userAccountControl</string>
               </field>
               <field name="membershipTypeMemberValue">
                  <string>member</string>
               </field>
               <field name="membershipTypeRoleNameAttr">
                  <string>cn</string>
               </field>
               <field name="membershipTypeNameAttr">
                  <string>cn</string>
               </field>
               <field name="membershipTypeObjectClassFilter" profiles="ldap,default,default-old,ldap-old">
                  <string>objectClass=organizationalRole</string>
               </field>
               <field name="membershipTypeObjectClassFilter" profiles="ad">
                  <string>objectClass=group</string>
               </field>
               <field name="membershiptypeObjectClass" profiles="ldap,default,default-old,ldap-old">
                  <string>organizationalRole</string>
               </field>
               <field name="membershiptypeObjectClass" profiles="ad">
                  <string>group</string>
               </field>
               <field name="groupNameAttr">
                  <string>ou</string>
               </field>
               <field name="groupLabelAttr">
                  <string>l</string>
               </field>
               <field name="groupObjectClass">
                  <string>organizationalUnit</string>
               </field>
               <field name="groupObjectClassFilter">
                  <string>objectClass=organizationalUnit</string>
               </field>
               <field name="membershipObjectClass" profiles="ldap,default,default-old,ldap-old">
                  <string>groupOfNames</string>
               </field>
               <field name="membershipObjectClass" profiles="ad">
                  <string>group</string>
               </field>
               <field name="membershipObjectClassFilter" profiles="ldap,default,default-old,ldap-old">
                  <string>objectClass=groupOfNames</string>
               </field>
               <field name="membershipObjectClassFilter" profiles="ad">
                  <string>objectClass=group</string>
               </field>
               <field name="ldapCreatedTimeStampAttr">
                  <string>createdTimeStamp</string>
               </field>
               <field name="ldapModifiedTimeStampAttr">
                  <string>modifiedTimeStamp</string>
               </field>
               <field name="ldapDescriptionAttr">
                  <string>description</string>
               </field>
            </object>
         </object-param>
      </init-params>
   </component>
   <external-component-plugins>
      <target-component>org.exoplatform.services.database.HibernateService</target-component>
      <component-plugin>
         <name>add.hibernate.annotations</name>
         <set-method>addPlugin</set-method>
         <type>org.exoplatform.services.database.impl.AddHibernateMappingPlugin</type>
         <init-params>
            <values-param>
               <name>hibernate.annotations</name>
               <value>org.exoplatform.services.organization.impl.UserProfileData</value>
            </values-param>
         </init-params>
      </component-plugin>
   </external-component-plugins>

   <external-component-plugins>
      <target-component>org.exoplatform.services.organization.OrganizationService</target-component>
        <component-plugin>
           <name>tester.membership.type.listener</name>
           <set-method>addListenerPlugin</set-method>
           <type>org.exoplatform.services.organization.MembershipTypeEventListener</type>
           <description>Membership type listerner for testing purpose</description>
       </component-plugin>
   </external-component-plugins>

  <!-- org service initializer, copied from ECM portal.war -->
  <external-component-plugins>
    <target-component>org.exoplatform.services.organization.OrganizationService</target-component>
    <component-plugin>
      <name>init.service.listener</name>
      <set-method>addListenerPlugin</set-method>
      <type>org.exoplatform.services.organization.OrganizationDatabaseInitializer</type>
      <description>this listener populate organization data for the first launch</description>
      <init-params>      
        <value-param>
          <name>checkDatabaseAlgorithm</name>
          <description>check database</description>
          <value>entry</value>
        </value-param>      
        <value-param>
          <name>printInformation</name>
          <description>Print information init database</description>
          <value>false</value>
        </value-param> 
        <object-param>
          <name>configuration</name>
          <description>description</description>
          <object type="org.exoplatform.services.organization.OrganizationConfig">
            <field  name="membershipType">
              <collection type="java.util.ArrayList">
              	<value>
                  <object type="org.exoplatform.services.organization.OrganizationConfig$MembershipType">
                    <field  name="type"><string>manager</string></field>
                    <field  name="description"><string>manager membership type</string></field>
                  </object>
                </value>
                <value>
                  <object type="org.exoplatform.services.organization.OrganizationConfig$MembershipType">
                    <field  name="type"><string>member</string></field>
                    <field  name="description"><string>member membership type</string></field>
                  </object>
                </value>
                <value>
                  <object type="org.exoplatform.services.organization.OrganizationConfig$MembershipType">
                    <field  name="type"><string>validator</string></field>
                    <field  name="description"><string>validator membership type</string></field>
                  </object>
                </value>
                <value>
                  <object type="org.exoplatform.services.organization.OrganizationConfig$MembershipType">
                    <field  name="type"><string>*</string></field>
                    <field  name="description"><string>any membership type</string></field>
                  </object>
                </value>
              </collection>
            </field>

            <field  name="group">
              <collection type="java.util.ArrayList">
                <value>
                  <object type="org.exoplatform.services.organization.OrganizationConfig$Group">
                    <field  name="name"><string>platform</string></field>
                    <field  name="parentId"><string></string></field>
                    <field  name="description"><string>the /platform group</string></field>
                    <field  name="label"><string>Platform</string></field>
                  </object>
                </value>
                <value>
                  <object type="org.exoplatform.services.organization.OrganizationConfig$Group">
                    <field  name="name"><string>administrators</string></field>
                    <field  name="parentId"><string>/platform</string></field>
                    <field  name="description"><string>the /platform/administrators group</string></field>
                    <field  name="label"><string>Administrators</string></field>
                  </object>
                </value>
                <value>
                  <object type="org.exoplatform.services.organization.OrganizationConfig$Group">
                    <field  name="name"><string>users</string></field>
                    <field  name="parentId"><string>/platform</string></field>
                    <field  name="description"><string>the /platform/users group</string></field>
                    <field  name="label"><string>Users</string></field>
                  </object>
                </value>
                <value>
                  <object type="org.exoplatform.services.organization.OrganizationConfig$Group">
                    <field  name="name"><string>guests</string></field>
                    <field  name="parentId"><string>/platform</string></field>
                    <field  name="description"><string>the /platform/guests group</string></field>
                    <field  name="label"><string>Guests</string></field>
                  </object>
                </value>
                <value>
                  <object type="org.exoplatform.services.organization.OrganizationConfig$Group">
                    <field  name="name"><string>organization</string></field>
                    <field  name="parentId"><string></string></field>
                    <field  name="description"><string>the organization group</string></field>
                    <field  name="label"><string>Organization</string></field>
                  </object>
                </value>
                <value>
                  <object type="org.exoplatform.services.organization.OrganizationConfig$Group">
                    <field  name="name"><string>management</string></field>
                    <field  name="parentId"><string>/organization</string></field>
                    <field  name="description"><string>the /organization/management group</string></field>
                    <field  name="label"><string>Management</string></field>
                  </object>
                </value>
                <value>
                  <object type="org.exoplatform.services.organization.OrganizationConfig$Group">
                    <field  name="name"><string>executive-board</string></field>
                    <field  name="parentId"><string>/organization/management</string></field>
                    <field  name="description"><string>the /organization/management/executive-board group</string></field>
                    <field  name="label"><string>Executive Board</string></field>
                  </object>
                </value>
                <value>
                  <object type="org.exoplatform.services.organization.OrganizationConfig$Group">
                    <field  name="name"><string>human-resources</string></field>
                    <field  name="parentId"><string>/organization/management</string></field>
                    <field  name="description"><string>the /organization/management/human-resource group</string></field>
                    <field  name="label"><string>Human Resources</string></field>
                  </object>
                </value>
                <value>
                  <object type="org.exoplatform.services.organization.OrganizationConfig$Group">
                    <field  name="name"><string>communication</string></field>
                    <field  name="parentId"><string>/organization</string></field>
                    <field  name="description"><string>the /organization/communication group</string></field>
                    <field  name="label"><string>Communication</string></field>
                  </object>
                </value>
                <value>
                  <object type="org.exoplatform.services.organization.OrganizationConfig$Group">
                    <field  name="name"><string>marketing</string></field>
                    <field  name="parentId"><string>/organization/communication</string></field>
                    <field  name="description"><string>the /organization/communication/marketing group</string></field>
                    <field  name="label"><string>Marketing</string></field>
                  </object>
                </value>
                <value>
                  <object type="org.exoplatform.services.organization.OrganizationConfig$Group">
                    <field  name="name"><string>press-and-media</string></field>
                    <field  name="parentId"><string>/organization/communication</string></field>
                    <field  name="description"><string>the /organization/communication/press-and-media group</string></field>
                    <field  name="label"><string>Press and Media</string></field>
                  </object>
                </value>
                <value>
                  <object type="org.exoplatform.services.organization.OrganizationConfig$Group">
                    <field  name="name"><string>operations</string></field>
                    <field  name="parentId"><string>/organization</string></field>
                    <field  name="description"><string>the /organization/operations and media group</string></field>
                    <field  name="label"><string>Operations</string></field>
                  </object>
                </value>
                <value>
                  <object type="org.exoplatform.services.organization.OrganizationConfig$Group">
                    <field  name="name"><string>sales</string></field>
                    <field  name="parentId"><string>/organization/operations</string></field>
                    <field  name="description"><string>the /organization/operations/sales group</string></field>
                    <field  name="label"><string>Sales</string></field>
                  </object>
                </value>
                <value>
                  <object type="org.exoplatform.services.organization.OrganizationConfig$Group">
                    <field  name="name"><string>finances</string></field>
                    <field  name="parentId"><string>/organization/operations</string></field>
                    <field  name="description"><string>the /organization/operations/finances group</string></field>
                    <field  name="label"><string>Finances</string></field>
                  </object>
                </value>
                <value>
                  <object type="org.exoplatform.services.organization.OrganizationConfig$Group">
                    <field  name="name"><string>customers</string></field>
                    <field  name="parentId"><string></string></field>
                    <field  name="description"><string>the /customers group</string></field>
                    <field  name="label"><string>Customers</string></field>
                  </object>
                </value>
                <value>
                  <object type="org.exoplatform.services.organization.OrganizationConfig$Group">
                    <field  name="name"><string>partners</string></field>
                    <field  name="parentId"><string></string></field>
                    <field  name="description"><string>the /partners group</string></field>
                    <field  name="label"><string>Partners</string></field>
                  </object>
                </value>
              </collection>
            </field>

            <field  name="user">
              <collection type="java.util.ArrayList">
                <value>
                  <object type="org.exoplatform.services.organization.OrganizationConfig$User">
                    <field  name="userName"><string>root</string></field>
                    <field  name="password"><string>exoADDSomeSaltToBeCompliantWithSomeIS00</string></field>
                    <field  name="firstName"><string>Root</string></field>
                    <field  name="lastName"><string>Root</string></field>
                    <field  name="email"><string>root@localhost</string></field>
                    <field  name="displayName"><string>Root</string></field>
                    <field  name="groups">
                      <string>
                      	manager:/platform/administrators,member:/platform/users,
                      	member:/organization/management/executive-board
                      </string>
                    </field>
                  </object>
                </value>
                
                <value>
                  <object type="org.exoplatform.services.organization.OrganizationConfig$User">
                    <field  name="userName"><string>john</string></field>
                    <field  name="password"><string>exoADDSomeSaltToBeCompliantWithSomeIS00</string></field>
                    <field  name="firstName"><string>John</string></field>
                    <field  name="lastName"><string>Anthony</string></field>
                    <field  name="email"><string>john@localhost</string></field>
                    <field  name="displayName"><string>John</string></field>
                    <field  name="groups">
                      <string>
                      	member:/platform/administrators,member:/platform/users,
                      	manager:/organization/management/executive-board
                      </string>
                    </field>
                  </object>
                </value>
                <value>
                  <object type="org.exoplatform.services.organization.OrganizationConfig$User">
                    <field  name="userName"><string>marry</string></field>
                    <field  name="password"><string>exoADDSomeSaltToBeCompliantWithSomeIS00</string></field>
                    <field  name="firstName"><string>Marry</string></field>
                    <field  name="lastName"><string>Kelly</string></field>
                    <field  name="email"><string>marry@localhost</string></field>
                    <field  name="displayName"><string>Marry</string></field>
                    <field  name="groups">
                      <string>member:/platform/users</string>
                    </field>
                  </object>
                </value>
                <value>
                  <object type="org.exoplatform.services.organization.OrganizationConfig$User">
                    <field  name="userName"><string>demo</string></field>
                    <field  name="password"><string>exoADDSomeSaltToBeCompliantWithSomeIS00</string></field>
                    <field  name="firstName"><string>Demo</string></field>
                    <field  name="lastName"><string>exo</string></field>
                    <field  name="email"><string>demo@localhost</string></field>
                    <field  name="displayName"><string>Demo</string></field>
                    <field  name="groups">
                      <string>member:/platform/guests,member:/platform/users</string>
                    </field>
                  </object>
                </value>
              </collection>
            </field>
          </object>
        </object-param>
      </init-params>
    </component-plugin>
  </external-component-plugins>

</configuration>
