<?xml version="1.0" encoding="ISO-8859-1"?>
<!--
This file is part of the Meeds project (https://meeds.io/).
Copyright (C) 2020 Meeds Association
contact@meeds.io
This program is free software; you can redistribute it and/or
modify it under the terms of the GNU Lesser General Public
License as published by the Free Software Foundation; either
version 3 of the License, or (at your option) any later version.
This program is distributed in the hope that it will be useful,
but WITHOUT ANY WARRANTY; without even the implied warranty of
MERCHANTABILITY or FITNESS FOR A PARTICULAR PURPOSE.  See the GNU
Lesser General Public License for more details.
You should have received a copy of the GNU Lesser General Public License
along with this program; if not, write to the Free Software Foundation,
Inc., 51 Franklin Street, Fifth Floor, Boston, MA  02110-1301, USA.

-->
<configuration xmlns:xsi="http://www.w3.org/2001/XMLSchema-instance" xsi:schemaLocation="http://www.exoplatform.org/xml/ns/kernel_1_2.xsd http://www.exoplatform.org/xml/ns/kernel_1_2.xsd"
   xmlns="http://www.exoplatform.org/xml/ns/kernel_1_2.xsd">

   <component>
      <key>org.exoplatform.services.net.NetService</key>
      <type>org.exoplatform.services.net.impl.NetServiceImpl</type>
   </component>

   <external-component-plugins>
      <target-component>org.exoplatform.services.ldap.LDAPService</target-component>
      <component-plugin>
         <name>create.object</name>
         <set-method>addCreateObject</set-method>
         <type>org.exoplatform.services.ldap.CreateObjectCommand</type>
         <init-params>
            <properties-param>
               <name>cn=exo,ou=users,ou=portal,dc=exoplatform,dc=org</name>
               <property name="objectClass" value="top" />
               <property name="objectClass" value="person" />
               <property name="cn" value="exo" />
               <property name="sn" value="exo" />
            </properties-param>
         </init-params>
      </component-plugin>

      <component-plugin>
         <name>delete.object</name>
         <set-method>addDeleteObject</set-method>
         <type>org.exoplatform.services.ldap.DeleteObjectCommand</type>
         <init-params>
            <values-param>
               <name>objects.to.delete</name>
               <value>cn=exo,ou=users,ou=portal,dc=exoplatform,dc=org</value>
            </values-param>
         </init-params>
      </component-plugin>

   </external-component-plugins>
</configuration>
