<?xml version="1.0" encoding="ISO-8859-1"?>
<configuration
  xmlns:xsi="http://www.w3.org/2001/XMLSchema-instance"
  xsi:schemaLocation="http://www.exoplatform.org/xml/ns/kernel_1_0.xsd http://www.exoplatform.org/xml/ns/kernel_1_0.xsd"
  xmlns="http://www.exoplatform.org/xml/ns/kernel_1_0.xsd">
  
  <component>
    <key>org.exoplatform.services.log.LogConfigurationInitializer</key>
    <type>org.exoplatform.services.log.LogConfigurationInitializer</type>
    <init-params>
      <value-param>
        <name>logger</name>
        <value>org.exoplatform.services.log.impl.BufferedLog4JLogger</value>
      </value-param>
      <value-param>
        <name>configurator</name>
        <value>org.exoplatform.services.log.impl.Log4JConfigurator</value>
      </value-param>
      <properties-param>
        <name>properties</name>
        <description>Log4J properties</description>
        <property name="log4j.rootLogger" value="INFO, stdout, file"/>
        
        <property name="log4j.appender.stdout" value="org.apache.log4j.ConsoleAppender"/>
        <property name="log4j.appender.stdout.threshold" value="INFO"/>
        
        <property name="log4j.appender.stdout.layout" value="org.apache.log4j.PatternLayout"/>
        <property name="log4j.appender.stdout.layout.ConversionPattern" value="%d{dd.MM.yyyy HH:mm:ss} *%-5p* [%t] %c{1}: %m (%F, line %L) %n"/>
        
        <property name="log4j.appender.file" value="org.apache.log4j.FileAppender"/>
        <property name="log4j.appender.file.File" value="target/jcr.log"/>
        
        <property name="log4j.appender.file.layout" value="org.apache.log4j.PatternLayout"/>
        
      </properties-param>
    </init-params>
  </component>
  
  <component>
    <key>org.exoplatform.services.database.HibernateService</key>
    <jmx-name>database:type=HibernateService</jmx-name>
    <type>org.exoplatform.services.database.impl.HibernateServiceImpl</type>
    <init-params>
      <properties-param>
        <name>hibernate.properties</name>
        <description>Default Hibernate Service</description>
        <property name="hibernate.show_sql" value="false"/>
        <property name="hibernate.cglib.use_reflection_optimizer" value="true"/>
        <property name="hibernate.connection.url" value="${all.url:jdbc:hsqldb:file:target/temp/data/exodb-hibernate}"/>
        <property name="hibernate.connection.driver_class" value="${all.driverClassName:org.hsqldb.jdbcDriver}"/>
        <property name="hibernate.connection.autocommit" value="true"/>
        <property name="hibernate.connection.username" value="${all.username:sa}"/>
        <property name="hibernate.connection.password" value="${all.password:}"/>
        <property name="hibernate.cache.region.factory_class" value="org.exoplatform.services.database.impl.ExoCacheRegionFactory"/>
        <property name="hibernate.cache.use_second_level_cache" value="true"/>
        <property name="hibernate.cache.use_query_cache" value="true"/>
        <property name="hibernate.hbm2ddl.auto" value="update"/>
        <property name="hibernate.c3p0.min_size" value="5"/>
        <property name="hibernate.c3p0.max_size" value="20"/>
        <property name="hibernate.c3p0.timeout" value="1800"/>
        <property name="hibernate.c3p0.max_statements" value="50"/>
      </properties-param>
    </init-params>
  </component>
  
  <component>
    <key>org.exoplatform.services.organization.OrganizationService</key>
    <type>org.exoplatform.services.organization.hibernate.OrganizationServiceImpl</type>
  </component>
  
   <external-component-plugins>
      <target-component>org.exoplatform.services.database.HibernateService</target-component>
      <component-plugin>
         <name>add.hibernate.annotations</name>
         <set-method>addPlugin</set-method>
         <type>org.exoplatform.services.database.impl.AddHibernateMappingPlugin</type>
         <init-params>
            <values-param>
               <name>hibernate.annotations</name>
               <value>org.exoplatform.services.organization.impl.MembershipImpl</value>
               <value>org.exoplatform.services.organization.impl.GroupImpl</value>
               <value>org.exoplatform.services.organization.impl.MembershipTypeImpl</value>
               <value>org.exoplatform.services.organization.impl.UserProfileData</value>
            </values-param>
         </init-params>
      </component-plugin>
   </external-component-plugins>

   <external-component-plugins>
      <target-component>org.exoplatform.services.database.HibernateService</target-component>
      <component-plugin>
         <name>add.hibernate.mappings</name>
         <set-method>addPlugin</set-method>
         <type>org.exoplatform.services.database.impl.AddHibernateMappingPlugin</type>
         <init-params>
            <values-param>
               <name>hibernate.mapping</name>
               <value>conf/standalone/UserImpl-test.hbm.xml</value>
            </values-param>
         </init-params>
      </component-plugin>
   </external-component-plugins>
  
  <external-component-plugins>
    <target-component>org.exoplatform.services.organization.OrganizationService</target-component>
     <component-plugin>
        <name>tester.membership.type.listener</name>
        <set-method>addListenerPlugin</set-method>
        <type>org.exoplatform.services.organization.MembershipTypeEventListener</type>
        <description>Membership type listerner for testing purpose</description>
     </component-plugin>
  </external-component-plugins>
  

  <!-- org service initializer, copied from ECM portal.war -->
  <external-component-plugins>
    <target-component>org.exoplatform.services.organization.OrganizationService</target-component>
    <component-plugin>
      <name>init.service.listener</name>
      <set-method>addListenerPlugin</set-method>
      <type>org.exoplatform.services.organization.OrganizationDatabaseInitializer</type>
      <description>this listener populate organization data for the first launch</description>
      <init-params>      
        <value-param>
          <name>checkDatabaseAlgorithm</name>
          <description>check database</description>
          <value>entry</value>
        </value-param>
        <value-param>
          <name>printInformation</name>
          <description>Print information init database</description>
          <value>false</value>
        </value-param> 
        <object-param>
          <name>configuration</name>
          <description>description</description>
          <object type="org.exoplatform.services.organization.OrganizationConfig">
            <field  name="membershipType">
              <collection type="java.util.ArrayList">
              	<value>
                  <object type="org.exoplatform.services.organization.OrganizationConfig$MembershipType">
                    <field  name="type"><string>manager</string></field>
                    <field  name="description"><string>manager membership type</string></field>
                  </object>
                </value>
                <value>
                  <object type="org.exoplatform.services.organization.OrganizationConfig$MembershipType">
                    <field  name="type"><string>member</string></field>
                    <field  name="description"><string>member membership type</string></field>
                  </object>
                </value> 
                <value>
                  <object type="org.exoplatform.services.organization.OrganizationConfig$MembershipType">
                    <field  name="type"><string>validator</string></field>
                    <field  name="description"><string>validator membership type</string></field>
                  </object>
                </value>
                <value>
                  <object type="org.exoplatform.services.organization.OrganizationConfig$MembershipType">
                    <field  name="type"><string>*</string></field>
                    <field  name="description"><string>any membership type</string></field>
                  </object>
                </value>
              </collection>
            </field>

            <field  name="group">
              <collection type="java.util.ArrayList">
                <value>
                  <object type="org.exoplatform.services.organization.OrganizationConfig$Group">
                    <field  name="name"><string>platform</string></field>
                    <field  name="parentId"><string></string></field>
                    <field  name="description"><string>the /platform group</string></field>
                    <field  name="label"><string>Platform</string></field>                    
                  </object>
                </value>
                <value>
                  <object type="org.exoplatform.services.organization.OrganizationConfig$Group">
                    <field  name="name"><string>administrators</string></field>
                    <field  name="parentId"><string>/platform</string></field>
                    <field  name="description"><string>the /platform/administrators group</string></field>
                    <field  name="label"><string>Administrators</string></field>
                  </object>
                </value>
                <value>
                  <object type="org.exoplatform.services.organization.OrganizationConfig$Group">
                    <field  name="name"><string>users</string></field>
                    <field  name="parentId"><string>/platform</string></field>
                    <field  name="description"><string>the /platform/users group</string></field>
                    <field  name="label"><string>Users</string></field>
                  </object>
                </value>
                <value>
                  <object type="org.exoplatform.services.organization.OrganizationConfig$Group">
                    <field  name="name"><string>guests</string></field>
                    <field  name="parentId"><string>/platform</string></field>
                    <field  name="description"><string>the /platform/guests group</string></field>
                    <field  name="label"><string>Guests</string></field>
                  </object>
                </value>
                <value>
                  <object type="org.exoplatform.services.organization.OrganizationConfig$Group">
                    <field  name="name"><string>organization</string></field>
                    <field  name="parentId"><string></string></field>
                    <field  name="description"><string>the organization group</string></field>
                    <field  name="label"><string>Organization</string></field>
                  </object>
                </value>
                <value>
                  <object type="org.exoplatform.services.organization.OrganizationConfig$Group">
                    <field  name="name"><string>management</string></field>
                    <field  name="parentId"><string>/organization</string></field>
                    <field  name="description"><string>the /organization/management group</string></field>
                    <field  name="label"><string>Management</string></field>
                  </object>
                </value>
                <value>
                  <object type="org.exoplatform.services.organization.OrganizationConfig$Group">
                    <field  name="name"><string>executive-board</string></field>
                    <field  name="parentId"><string>/organization/management</string></field>
                    <field  name="description"><string>the /organization/management/executive-board group</string></field>
                    <field  name="label"><string>Executive Board</string></field>
                  </object>
                </value>
                <value>
                  <object type="org.exoplatform.services.organization.OrganizationConfig$Group">
                    <field  name="name"><string>human-resources</string></field>
                    <field  name="parentId"><string>/organization/management</string></field>
                    <field  name="description"><string>the /organization/management/human-resource group</string></field>
                    <field  name="label"><string>Human Resources</string></field>
                  </object>
                </value>
                <value>
                  <object type="org.exoplatform.services.organization.OrganizationConfig$Group">
                    <field  name="name"><string>communication</string></field>
                    <field  name="parentId"><string>/organization</string></field>
                    <field  name="description"><string>the /organization/communication group</string></field>
                    <field  name="label"><string>Communication</string></field>
                  </object>
                </value>
                <value>
                  <object type="org.exoplatform.services.organization.OrganizationConfig$Group">
                    <field  name="name"><string>marketing</string></field>
                    <field  name="parentId"><string>/organization/communication</string></field>
                    <field  name="description"><string>the /organization/communication/marketing group</string></field>
                    <field  name="label"><string>Marketing</string></field>
                  </object>
                </value>
                <value>
                  <object type="org.exoplatform.services.organization.OrganizationConfig$Group">
                    <field  name="name"><string>press-and-media</string></field>
                    <field  name="parentId"><string>/organization/communication</string></field>
                    <field  name="description"><string>the /organization/communication/press-and-media group</string></field>
                    <field  name="label"><string>Press and Media</string></field>
                  </object>
                </value>
                <value>
                  <object type="org.exoplatform.services.organization.OrganizationConfig$Group">
                    <field  name="name"><string>operations</string></field>
                    <field  name="parentId"><string>/organization</string></field>
                    <field  name="description"><string>the /organization/operations and media group</string></field>
                    <field  name="label"><string>Operations</string></field>
                  </object>
                </value>
                <value>
                  <object type="org.exoplatform.services.organization.OrganizationConfig$Group">
                    <field  name="name"><string>sales</string></field>
                    <field  name="parentId"><string>/organization/operations</string></field>
                    <field  name="description"><string>the /organization/operations/sales group</string></field>
                    <field  name="label"><string>Sales</string></field>
                  </object>
                </value>
                <value>
                  <object type="org.exoplatform.services.organization.OrganizationConfig$Group">
                    <field  name="name"><string>finances</string></field>
                    <field  name="parentId"><string>/organization/operations</string></field>
                    <field  name="description"><string>the /organization/operations/finances group</string></field>
                    <field  name="label"><string>Finances</string></field>
                  </object>
                </value>
                <value>
                  <object type="org.exoplatform.services.organization.OrganizationConfig$Group">
                    <field  name="name"><string>customers</string></field>
                    <field  name="parentId"><string></string></field>
                    <field  name="description"><string>the /customers group</string></field>
                    <field  name="label"><string>Customers</string></field>
                  </object>
                </value>
                <value>
                  <object type="org.exoplatform.services.organization.OrganizationConfig$Group">
                    <field  name="name"><string>partners</string></field>
                    <field  name="parentId"><string></string></field>
                    <field  name="description"><string>the /partners group</string></field>
                    <field  name="label"><string>Partners</string></field>
                  </object>
                </value>
              </collection>
            </field>

            <field  name="user">
              <collection type="java.util.ArrayList">
                <value>
                  <object type="org.exoplatform.services.organization.OrganizationConfig$User">
                    <field  name="userName"><string>root</string></field>
                    <field  name="password"><string>exo</string></field>
                    <field  name="firstName"><string>Root</string></field>
                    <field  name="lastName"><string>Root</string></field>
                    <field  name="email"><string>root@localhost</string></field>
                    <field  name="displayName"><string>Root</string></field>
                    <field  name="groups">
                      <string>
                      	manager:/platform/administrators,member:/platform/users,
                      	member:/organization/management/executive-board
                      </string>
                    </field>
                  </object>
                </value>
                
                <value>
                  <object type="org.exoplatform.services.organization.OrganizationConfig$User">
                    <field  name="userName"><string>john</string></field>
                    <field  name="password"><string>exo</string></field>
                    <field  name="firstName"><string>John</string></field>
                    <field  name="lastName"><string>Anthony</string></field>
                    <field  name="email"><string>john@localhost</string></field>
                    <field  name="displayName"><string>John</string></field>
                    <field  name="groups">
                      <string>
                      	member:/platform/administrators,member:/platform/users,
                      	manager:/organization/management/executive-board
                      </string>
                    </field>
                  </object>
                </value>
                <value>
                  <object type="org.exoplatform.services.organization.OrganizationConfig$User">
                    <field  name="userName"><string>marry</string></field>
                    <field  name="password"><string>exo</string></field>
                    <field  name="firstName"><string>Marry</string></field>
                    <field  name="lastName"><string>Kelly</string></field>
                    <field  name="email"><string>marry@localhost</string></field>
                    <field  name="displayName"><string>Marry</string></field>
                    <field  name="groups">
                      <string>member:/platform/users</string>
                    </field>
                  </object>
                </value>
                <value>
                  <object type="org.exoplatform.services.organization.OrganizationConfig$User">
                    <field  name="userName"><string>demo</string></field>
                    <field  name="password"><string>exo</string></field>
                    <field  name="firstName"><string>Demo</string></field>
                    <field  name="lastName"><string>exo</string></field>
                    <field  name="email"><string>demo@localhost</string></field>
                    <field  name="displayName"><string>Demo</string></field>
                    <field  name="groups">
                      <string>member:/platform/guests,member:/platform/users</string>
                    </field>
                  </object>
                </value>
              </collection>
            </field>
          </object>
        </object-param>
      </init-params>
    </component-plugin>
  </external-component-plugins>
</configuration>
