<?xml version="1.0" encoding="ISO-8859-1"?>
<!--

    Copyright (C) 2009 eXo Platform SAS.

    This is free software; you can redistribute it and/or modify it
    under the terms of the GNU Lesser General Public License as
    published by the Free Software Foundation; either version 2.1 of
    the License, or (at your option) any later version.

    This software is distributed in the hope that it will be useful,
    but WITHOUT ANY WARRANTY; without even the implied warranty of
    MERCHANTABILITY or FITNESS FOR A PARTICULAR PURPOSE. See the GNU
    Lesser General Public License for more details.

    You should have received a copy of the GNU Lesser General Public
    License along with this software; if not, write to the Free
    Software Foundation, Inc., 51 Franklin St, Fifth Floor, Boston, MA
    02110-1301 USA, or see the FSF site: http://www.fsf.org.

-->
<configuration xmlns:xsi="http://www.w3.org/2001/XMLSchema-instance" xsi:schemaLocation="http://www.exoplatform.org/xml/ns/kernel_1_2.xsd http://www.exoplatform.org/xml/ns/kernel_1_2.xsd"
   xmlns="http://www.exoplatform.org/xml/ns/kernel_1_2.xsd">
   <component>
      <key>org.exoplatform.services.log.LogConfigurationInitializer</key>
      <type>org.exoplatform.services.log.LogConfigurationInitializer</type>
      <init-params>
         <value-param>
            <name>logger</name>
            <value>org.exoplatform.services.log.impl.BufferedLog4JLogger</value>
         </value-param>
         <value-param>
            <name>configurator</name>
            <value>org.exoplatform.services.log.impl.SimpleExoLogConfigurator</value>
         </value-param>
      </init-params>
   </component>

   <component>
      <type>org.exoplatform.services.script.groovy.SampleComponent</type>
   </component>

   <component>
      <type>org.exoplatform.services.script.groovy.GroovyScriptInstantiator</type>
   </component>

   <component>
      <key>JarJarGroovyScriptInstantiator</key>
      <type>org.exoplatform.services.script.groovy.GroovyScriptInstantiator</type>
      <component-plugins>
         <component-plugin>
            <name>jarjar.mapping</name>
            <set-method>addPlugin</set-method>
            <type>org.exoplatform.services.script.groovy.GroovyScriptJarJarPlugin</type>
            <init-params>
               <values-param>
                  <name>mapping</name>
                  <value>a->b</value>
               </values-param>
            </init-params>
         </component-plugin>
      </component-plugins>
   </component>

</configuration>
